[debug] [2023-05-29T20:59:40.849Z] ----------------------------------------------------------------------
[debug] [2023-05-29T20:59:40.852Z] Command:       C:\Program Files\nodejs\node.exe C:\Users\muril\AppData\Roaming\npm\node_modules\firebase-tools\lib\bin\firebase.js deploy
[debug] [2023-05-29T20:59:40.852Z] CLI Version:   12.2.1
[debug] [2023-05-29T20:59:40.853Z] Platform:      win32
[debug] [2023-05-29T20:59:40.853Z] Node Version:  v18.16.0
[debug] [2023-05-29T20:59:40.854Z] Time:          Mon May 29 2023 17:59:40 GMT-0300 (Brasilia Standard Time)
[debug] [2023-05-29T20:59:40.854Z] ----------------------------------------------------------------------
[debug] 
[debug] [2023-05-29T20:59:40.957Z] > command requires scopes: ["email","openid","https://www.googleapis.com/auth/cloudplatformprojects.readonly","https://www.googleapis.com/auth/firebase","https://www.googleapis.com/auth/cloud-platform"]
[debug] [2023-05-29T20:59:40.958Z] > authorizing via signed-in user (murilo.murilomuller07@gmail.com)
[debug] [2023-05-29T20:59:40.958Z] [iam] checking project food-explorer-firebase-back for permissions ["cloudfunctions.functions.create","cloudfunctions.functions.delete","cloudfunctions.functions.get","cloudfunctions.functions.list","cloudfunctions.functions.update","cloudfunctions.operations.get","firebase.projects.get"]
[debug] [2023-05-29T20:59:40.961Z] >>> [apiv2][query] POST https://cloudresourcemanager.googleapis.com/v1/projects/food-explorer-firebase-back:testIamPermissions [none]
[debug] [2023-05-29T20:59:40.961Z] >>> [apiv2][(partial)header] POST https://cloudresourcemanager.googleapis.com/v1/projects/food-explorer-firebase-back:testIamPermissions x-goog-quota-user=projects/food-explorer-firebase-back
[debug] [2023-05-29T20:59:40.962Z] >>> [apiv2][body] POST https://cloudresourcemanager.googleapis.com/v1/projects/food-explorer-firebase-back:testIamPermissions {"permissions":["cloudfunctions.functions.create","cloudfunctions.functions.delete","cloudfunctions.functions.get","cloudfunctions.functions.list","cloudfunctions.functions.update","cloudfunctions.operations.get","firebase.projects.get"]}
[debug] [2023-05-29T20:59:41.970Z] <<< [apiv2][status] POST https://cloudresourcemanager.googleapis.com/v1/projects/food-explorer-firebase-back:testIamPermissions 200
[debug] [2023-05-29T20:59:41.971Z] <<< [apiv2][body] POST https://cloudresourcemanager.googleapis.com/v1/projects/food-explorer-firebase-back:testIamPermissions {"permissions":["cloudfunctions.functions.create","cloudfunctions.functions.delete","cloudfunctions.functions.get","cloudfunctions.functions.list","cloudfunctions.functions.update","cloudfunctions.operations.get","firebase.projects.get"]}
[debug] [2023-05-29T20:59:41.971Z] >>> [apiv2][query] POST https://iam.googleapis.com/v1/projects/food-explorer-firebase-back/serviceAccounts/food-explorer-firebase-back@appspot.gserviceaccount.com:testIamPermissions [none]
[debug] [2023-05-29T20:59:41.972Z] >>> [apiv2][body] POST https://iam.googleapis.com/v1/projects/food-explorer-firebase-back/serviceAccounts/food-explorer-firebase-back@appspot.gserviceaccount.com:testIamPermissions {"permissions":["iam.serviceAccounts.actAs"]}
[debug] [2023-05-29T20:59:42.872Z] <<< [apiv2][status] POST https://iam.googleapis.com/v1/projects/food-explorer-firebase-back/serviceAccounts/food-explorer-firebase-back@appspot.gserviceaccount.com:testIamPermissions 200
[debug] [2023-05-29T20:59:42.872Z] <<< [apiv2][body] POST https://iam.googleapis.com/v1/projects/food-explorer-firebase-back/serviceAccounts/food-explorer-firebase-back@appspot.gserviceaccount.com:testIamPermissions {"permissions":["iam.serviceAccounts.actAs"]}
[info] 
[info] === Deploying to 'food-explorer-firebase-back'...
[info] 
[info] i  deploying functions 
[debug] [2023-05-29T20:59:42.878Z] >>> [apiv2][query] GET https://firebase.googleapis.com/v1beta1/projects/food-explorer-firebase-back [none]
[debug] [2023-05-29T20:59:43.379Z] <<< [apiv2][status] GET https://firebase.googleapis.com/v1beta1/projects/food-explorer-firebase-back 200
[debug] [2023-05-29T20:59:43.379Z] <<< [apiv2][body] GET https://firebase.googleapis.com/v1beta1/projects/food-explorer-firebase-back {"projectId":"food-explorer-firebase-back","projectNumber":"989222405388","displayName":"food-explorer-firebase-back","name":"projects/food-explorer-firebase-back","resources":{"hostingSite":"food-explorer-firebase-back","storageBucket":"food-explorer-firebase-back.appspot.com","locationId":"southamerica-east1"},"state":"ACTIVE","etag":"1_267d6c01-c583-4250-985e-792fbe25e87e"}
[info] i  functions: preparing codebase default for deployment 
[info] i  functions: ensuring required API cloudfunctions.googleapis.com is enabled... 
[info] i  functions: ensuring required API cloudbuild.googleapis.com is enabled... 
[info] i  artifactregistry: ensuring required API artifactregistry.googleapis.com is enabled... 
[debug] [2023-05-29T20:59:43.383Z] >>> [apiv2][query] GET https://serviceusage.googleapis.com/v1/projects/food-explorer-firebase-back/services/cloudfunctions.googleapis.com [none]
[debug] [2023-05-29T20:59:43.383Z] >>> [apiv2][(partial)header] GET https://serviceusage.googleapis.com/v1/projects/food-explorer-firebase-back/services/cloudfunctions.googleapis.com x-goog-quota-user=projects/food-explorer-firebase-back
[debug] [2023-05-29T20:59:43.385Z] >>> [apiv2][query] GET https://serviceusage.googleapis.com/v1/projects/food-explorer-firebase-back/services/runtimeconfig.googleapis.com [none]
[debug] [2023-05-29T20:59:43.385Z] >>> [apiv2][(partial)header] GET https://serviceusage.googleapis.com/v1/projects/food-explorer-firebase-back/services/runtimeconfig.googleapis.com x-goog-quota-user=projects/food-explorer-firebase-back
[debug] [2023-05-29T20:59:43.386Z] >>> [apiv2][query] GET https://serviceusage.googleapis.com/v1/projects/food-explorer-firebase-back/services/cloudbuild.googleapis.com [none]
[debug] [2023-05-29T20:59:43.386Z] >>> [apiv2][(partial)header] GET https://serviceusage.googleapis.com/v1/projects/food-explorer-firebase-back/services/cloudbuild.googleapis.com x-goog-quota-user=projects/food-explorer-firebase-back
[debug] [2023-05-29T20:59:43.388Z] >>> [apiv2][query] GET https://serviceusage.googleapis.com/v1/projects/food-explorer-firebase-back/services/artifactregistry.googleapis.com [none]
[debug] [2023-05-29T20:59:43.388Z] >>> [apiv2][(partial)header] GET https://serviceusage.googleapis.com/v1/projects/food-explorer-firebase-back/services/artifactregistry.googleapis.com x-goog-quota-user=projects/food-explorer-firebase-back
[debug] [2023-05-29T20:59:44.504Z] <<< [apiv2][status] GET https://serviceusage.googleapis.com/v1/projects/food-explorer-firebase-back/services/artifactregistry.googleapis.com 200
[debug] [2023-05-29T20:59:44.505Z] <<< [apiv2][body] GET https://serviceusage.googleapis.com/v1/projects/food-explorer-firebase-back/services/artifactregistry.googleapis.com [omitted]
[info] +  artifactregistry: required API artifactregistry.googleapis.com is enabled 
[debug] [2023-05-29T20:59:44.597Z] <<< [apiv2][status] GET https://serviceusage.googleapis.com/v1/projects/food-explorer-firebase-back/services/cloudfunctions.googleapis.com 200
[debug] [2023-05-29T20:59:44.597Z] <<< [apiv2][body] GET https://serviceusage.googleapis.com/v1/projects/food-explorer-firebase-back/services/cloudfunctions.googleapis.com [omitted]
[info] +  functions: required API cloudfunctions.googleapis.com is enabled 
[debug] [2023-05-29T20:59:45.497Z] <<< [apiv2][status] GET https://serviceusage.googleapis.com/v1/projects/food-explorer-firebase-back/services/cloudbuild.googleapis.com 200
[debug] [2023-05-29T20:59:45.497Z] <<< [apiv2][body] GET https://serviceusage.googleapis.com/v1/projects/food-explorer-firebase-back/services/cloudbuild.googleapis.com [omitted]
[info] +  functions: required API cloudbuild.googleapis.com is enabled 
[debug] [2023-05-29T20:59:47.596Z] <<< [apiv2][status] GET https://serviceusage.googleapis.com/v1/projects/food-explorer-firebase-back/services/runtimeconfig.googleapis.com 200
[debug] [2023-05-29T20:59:47.596Z] <<< [apiv2][body] GET https://serviceusage.googleapis.com/v1/projects/food-explorer-firebase-back/services/runtimeconfig.googleapis.com [omitted]
[debug] [2023-05-29T20:59:47.597Z] >>> [apiv2][query] GET https://firebase.googleapis.com/v1beta1/projects/food-explorer-firebase-back/adminSdkConfig [none]
[debug] [2023-05-29T20:59:48.004Z] <<< [apiv2][status] GET https://firebase.googleapis.com/v1beta1/projects/food-explorer-firebase-back/adminSdkConfig 200
[debug] [2023-05-29T20:59:48.004Z] <<< [apiv2][body] GET https://firebase.googleapis.com/v1beta1/projects/food-explorer-firebase-back/adminSdkConfig {"projectId":"food-explorer-firebase-back","storageBucket":"food-explorer-firebase-back.appspot.com","locationId":"southamerica-east1"}
[debug] [2023-05-29T20:59:48.004Z] >>> [apiv2][query] GET https://runtimeconfig.googleapis.com/v1beta1/projects/food-explorer-firebase-back/configs [none]
[debug] [2023-05-29T20:59:49.013Z] <<< [apiv2][status] GET https://runtimeconfig.googleapis.com/v1beta1/projects/food-explorer-firebase-back/configs 200
[debug] [2023-05-29T20:59:49.014Z] <<< [apiv2][body] GET https://runtimeconfig.googleapis.com/v1beta1/projects/food-explorer-firebase-back/configs {}
[debug] [2023-05-29T20:59:49.016Z] Validating nodejs source
[debug] [2023-05-29T20:59:51.362Z] > [functions] package.json contents: {
  "name": "functions",
  "description": "Cloud Functions for Firebase",
  "scripts": {
    "serve": "firebase emulators:start --only functions",
    "shell": "firebase functions:shell",
    "start": "npm run shell",
    "deploy": "firebase deploy --only functions",
    "logs": "firebase functions:log"
  },
  "engines": {
    "node": "18"
  },
  "main": "index.js",
  "dependencies": {
    "firebase-admin": "^11.8.0",
    "firebase-functions": "^4.3.1",
    "swagger-ui-express": "^4.6.3"
  },
  "devDependencies": {
    "firebase-functions-test": "^3.1.0"
  },
  "private": true
}
[debug] [2023-05-29T20:59:51.363Z] Building nodejs source
[debug] [2023-05-29T20:59:51.364Z] Could not find functions.yaml. Must use http discovery
[debug] [2023-05-29T20:59:51.378Z] Found firebase-functions binary at 'C:\Users\muril\OneDrive\Documentos\Programacao\Concluidos\Rocketseat\FoodExplorer_Back-end_Copy\functions\node_modules\.bin\firebase-functions'
[debug] [2023-05-29T20:59:51.739Z] Serving at port 8579

[debug] [2023-05-29T20:59:53.295Z] Got response from /__/functions.yaml {"endpoints":{"app":{"platform":"gcfv1","availableMemoryMb":null,"timeoutSeconds":null,"minInstances":null,"maxInstances":null,"ingressSettings":null,"serviceAccountEmail":null,"vpc":null,"httpsTrigger":{},"entryPoint":"app"}},"specVersion":"v1alpha1","requiredAPIs":[]}
[debug] [2023-05-29T20:59:53.306Z] shutdown requested via /__/quitquitquit

[info] i  functions: preparing functions directory for uploading... 
[info] i  functions: packaged C:\Users\muril\OneDrive\Documentos\Programacao\Concluidos\Rocketseat\FoodExplorer_Back-end_Copy\functions (87.53 KB) for uploading 
[debug] [2023-05-29T20:59:53.489Z] >>> [apiv2][query] GET https://cloudfunctions.googleapis.com/v1/projects/food-explorer-firebase-back/locations/-/functions [none]
[debug] [2023-05-29T20:59:55.185Z] <<< [apiv2][status] GET https://cloudfunctions.googleapis.com/v1/projects/food-explorer-firebase-back/locations/-/functions 200
[debug] [2023-05-29T20:59:55.185Z] <<< [apiv2][body] GET https://cloudfunctions.googleapis.com/v1/projects/food-explorer-firebase-back/locations/-/functions {"functions":[{"name":"projects/food-explorer-firebase-back/locations/us-central1/functions/app","httpsTrigger":{"url":"https://us-central1-food-explorer-firebase-back.cloudfunctions.net/app","securityLevel":"SECURE_ALWAYS"},"status":"OFFLINE","entryPoint":"app","timeout":"60s","availableMemoryMb":256,"serviceAccountEmail":"food-explorer-firebase-back@appspot.gserviceaccount.com","updateTime":"2023-05-29T20:57:54.141Z","versionId":"1","labels":{"deployment-tool":"cli-firebase","firebase-functions-hash":"99270ac9c10225d2909f7aef48afbfb420609113"},"sourceUploadUrl":"https://storage.googleapis.com/uploads-643877074447.us-central1.cloudfunctions.appspot.com/8012668a-6bf9-4141-9bb9-e29989c8f2e4.zip","environmentVariables":{"FIREBASE_CONFIG":"{\"projectId\":\"food-explorer-firebase-back\",\"storageBucket\":\"food-explorer-firebase-back.appspot.com\",\"locationId\":\"southamerica-east1\"}","GCLOUD_PROJECT":"food-explorer-firebase-back","EVENTARC_CLOUD_EVENT_SOURCE":"projects/food-explorer-firebase-back/locations/us-central1/functions/app"},"runtime":"nodejs18","ingressSettings":"ALLOW_ALL","buildId":"8c186011-129e-4463-95d8-7784d192fbb1","buildEnvironmentVariables":{"GOOGLE_NODE_RUN_SCRIPTS":""},"buildName":"projects/989222405388/locations/us-central1/builds/8c186011-129e-4463-95d8-7784d192fbb1","dockerRegistry":"ARTIFACT_REGISTRY"}]}
[debug] [2023-05-29T20:59:55.187Z] >>> [apiv2][query] GET https://cloudfunctions.googleapis.com/v2/projects/food-explorer-firebase-back/locations/-/functions filter=environment%3D%22GEN_2%22
[debug] [2023-05-29T20:59:56.392Z] <<< [apiv2][status] GET https://cloudfunctions.googleapis.com/v2/projects/food-explorer-firebase-back/locations/-/functions 200
[debug] [2023-05-29T20:59:56.392Z] <<< [apiv2][body] GET https://cloudfunctions.googleapis.com/v2/projects/food-explorer-firebase-back/locations/-/functions {}
[debug] [2023-05-29T20:59:56.400Z] >>> [apiv2][query] GET https://firebase.googleapis.com/v1beta1/projects/food-explorer-firebase-back [none]
[debug] [2023-05-29T20:59:56.798Z] <<< [apiv2][status] GET https://firebase.googleapis.com/v1beta1/projects/food-explorer-firebase-back 200
[debug] [2023-05-29T20:59:56.799Z] <<< [apiv2][body] GET https://firebase.googleapis.com/v1beta1/projects/food-explorer-firebase-back {"projectId":"food-explorer-firebase-back","projectNumber":"989222405388","displayName":"food-explorer-firebase-back","name":"projects/food-explorer-firebase-back","resources":{"hostingSite":"food-explorer-firebase-back","storageBucket":"food-explorer-firebase-back.appspot.com","locationId":"southamerica-east1"},"state":"ACTIVE","etag":"1_267d6c01-c583-4250-985e-792fbe25e87e"}
[debug] [2023-05-29T20:59:56.801Z] >>> [apiv2][query] POST https://cloudfunctions.googleapis.com/v1/projects/food-explorer-firebase-back/locations/us-central1/functions:generateUploadUrl [none]
[debug] [2023-05-29T20:59:56.801Z] >>> [apiv2][body] POST https://cloudfunctions.googleapis.com/v1/projects/food-explorer-firebase-back/locations/us-central1/functions:generateUploadUrl {}
[debug] [2023-05-29T20:59:57.624Z] <<< [apiv2][status] POST https://cloudfunctions.googleapis.com/v1/projects/food-explorer-firebase-back/locations/us-central1/functions:generateUploadUrl 200
[debug] [2023-05-29T20:59:57.624Z] <<< [apiv2][body] POST https://cloudfunctions.googleapis.com/v1/projects/food-explorer-firebase-back/locations/us-central1/functions:generateUploadUrl {"uploadUrl":"https://storage.googleapis.com/uploads-643877074447.us-central1.cloudfunctions.appspot.com/db9a9862-4af5-4881-9335-4a7181c1dcdc.zip?GoogleAccessId=service-989222405388@gcf-admin-robot.iam.gserviceaccount.com&Expires=1685395797&Signature=Ld8bKrebRV%2Be27K5mmbhmqMe61f7yMGTOhO393%2BIehmRp4H7wa%2FivCWFJdxJ7lZDRij7Pb%2BnlfV5J1usM916byMz1s9B1ihEa0YDkpM2NL0z%2Bw3pQmRmJ4BST2JxKCdKWQ5yo7Gmt9SWlCNmw474AbA8%2FYODwkcqWdvOb2x9F6LUnliseWyyC6ITRZVb0suPRuNwKXQVRqln8Tj4HA4Q6leVM7v24X06fH8Uwmk6PRUjsjugS0U1XNA9Pq9EQnyWHDGIOAq9TXYHKDSH3KHd39ZCj7p5qrQeSc1F7DpTxEn1n4jfsDZyEL42ZpQBKyvSnflXUTcVKXCo7%2F8vuqRmGg%3D%3D"}
[debug] [2023-05-29T20:59:57.625Z] >>> [apiv2][query] PUT https://storage.googleapis.com/uploads-643877074447.us-central1.cloudfunctions.appspot.com/db9a9862-4af5-4881-9335-4a7181c1dcdc.zip GoogleAccessId=service-989222405388%40gcf-admin-robot.iam.gserviceaccount.com&Expires=1685395797&Signature=Ld8bKrebRV%2Be27K5mmbhmqMe61f7yMGTOhO393%2BIehmRp4H7wa%2FivCWFJdxJ7lZDRij7Pb%2BnlfV5J1usM916byMz1s9B1ihEa0YDkpM2NL0z%2Bw3pQmRmJ4BST2JxKCdKWQ5yo7Gmt9SWlCNmw474AbA8%2FYODwkcqWdvOb2x9F6LUnliseWyyC6ITRZVb0suPRuNwKXQVRqln8Tj4HA4Q6leVM7v24X06fH8Uwmk6PRUjsjugS0U1XNA9Pq9EQnyWHDGIOAq9TXYHKDSH3KHd39ZCj7p5qrQeSc1F7DpTxEn1n4jfsDZyEL42ZpQBKyvSnflXUTcVKXCo7%2F8vuqRmGg%3D%3D
[debug] [2023-05-29T20:59:57.625Z] >>> [apiv2][body] PUT https://storage.googleapis.com/uploads-643877074447.us-central1.cloudfunctions.appspot.com/db9a9862-4af5-4881-9335-4a7181c1dcdc.zip [stream]
[debug] [2023-05-29T20:59:58.395Z] <<< [apiv2][status] PUT https://storage.googleapis.com/uploads-643877074447.us-central1.cloudfunctions.appspot.com/db9a9862-4af5-4881-9335-4a7181c1dcdc.zip 200
[debug] [2023-05-29T20:59:58.395Z] <<< [apiv2][body] PUT https://storage.googleapis.com/uploads-643877074447.us-central1.cloudfunctions.appspot.com/db9a9862-4af5-4881-9335-4a7181c1dcdc.zip [omitted]
[info] +  functions: functions folder uploaded successfully 
[info] i  functions: updating Node.js 18 (1st Gen) function app(us-central1)... 
[debug] [2023-05-29T20:59:58.402Z] >>> [apiv2][query] PATCH https://cloudfunctions.googleapis.com/v1/projects/food-explorer-firebase-back/locations/us-central1/functions/app updateMask=name%2CsourceUploadUrl%2CentryPoint%2Cruntime%2CdockerRegistry%2Clabels%2ChttpsTrigger.securityLevel%2CminInstances%2CmaxInstances%2CingressSettings%2CenvironmentVariables%2CserviceAccountEmail%2CavailableMemoryMb%2Ctimeout%2CvpcConnector%2CvpcConnectorEgressSettings%2CsourceToken%2CbuildEnvironmentVariables
[debug] [2023-05-29T20:59:58.402Z] >>> [apiv2][body] PATCH https://cloudfunctions.googleapis.com/v1/projects/food-explorer-firebase-back/locations/us-central1/functions/app {"name":"projects/food-explorer-firebase-back/locations/us-central1/functions/app","sourceUploadUrl":"https://storage.googleapis.com/uploads-643877074447.us-central1.cloudfunctions.appspot.com/db9a9862-4af5-4881-9335-4a7181c1dcdc.zip?GoogleAccessId=service-989222405388@gcf-admin-robot.iam.gserviceaccount.com&Expires=1685395797&Signature=Ld8bKrebRV%2Be27K5mmbhmqMe61f7yMGTOhO393%2BIehmRp4H7wa%2FivCWFJdxJ7lZDRij7Pb%2BnlfV5J1usM916byMz1s9B1ihEa0YDkpM2NL0z%2Bw3pQmRmJ4BST2JxKCdKWQ5yo7Gmt9SWlCNmw474AbA8%2FYODwkcqWdvOb2x9F6LUnliseWyyC6ITRZVb0suPRuNwKXQVRqln8Tj4HA4Q6leVM7v24X06fH8Uwmk6PRUjsjugS0U1XNA9Pq9EQnyWHDGIOAq9TXYHKDSH3KHd39ZCj7p5qrQeSc1F7DpTxEn1n4jfsDZyEL42ZpQBKyvSnflXUTcVKXCo7%2F8vuqRmGg%3D%3D","entryPoint":"app","runtime":"nodejs18","dockerRegistry":"ARTIFACT_REGISTRY","labels":{"deployment-tool":"cli-firebase","firebase-functions-hash":"64c6afaaed4e2eeeeb3f72994e722cc3d997743a"},"httpsTrigger":{"securityLevel":"SECURE_ALWAYS"},"minInstances":null,"maxInstances":null,"ingressSettings":null,"environmentVariables":{"FIREBASE_CONFIG":"{\"projectId\":\"food-explorer-firebase-back\",\"storageBucket\":\"food-explorer-firebase-back.appspot.com\",\"locationId\":\"southamerica-east1\"}","GCLOUD_PROJECT":"food-explorer-firebase-back","EVENTARC_CLOUD_EVENT_SOURCE":"projects/food-explorer-firebase-back/locations/us-central1/functions/app"},"serviceAccountEmail":null,"availableMemoryMb":null,"timeout":null,"vpcConnector":null,"vpcConnectorEgressSettings":null,"buildEnvironmentVariables":{"GOOGLE_NODE_RUN_SCRIPTS":""}}
[debug] [2023-05-29T20:59:59.126Z] <<< [apiv2][status] PATCH https://cloudfunctions.googleapis.com/v1/projects/food-explorer-firebase-back/locations/us-central1/functions/app 200
[debug] [2023-05-29T20:59:59.126Z] <<< [apiv2][body] PATCH https://cloudfunctions.googleapis.com/v1/projects/food-explorer-firebase-back/locations/us-central1/functions/app {"name":"operations/Zm9vZC1leHBsb3Jlci1maXJlYmFzZS1iYWNrL3VzLWNlbnRyYWwxL2FwcC9mN3kwNVBFOGdjMA","metadata":{"@type":"type.googleapis.com/google.cloud.functions.v1.OperationMetadataV1","target":"projects/food-explorer-firebase-back/locations/us-central1/functions/app","type":"UPDATE_FUNCTION","request":{"@type":"type.googleapis.com/google.cloud.functions.v1.CloudFunction","name":"projects/food-explorer-firebase-back/locations/us-central1/functions/app","httpsTrigger":{"url":"https://us-central1-food-explorer-firebase-back.cloudfunctions.net/app","securityLevel":"SECURE_ALWAYS"},"status":"OFFLINE","entryPoint":"app","updateTime":"2023-05-29T20:57:54.141Z","versionId":"1","labels":{"deployment-tool":"cli-firebase","firebase-functions-hash":"64c6afaaed4e2eeeeb3f72994e722cc3d997743a"},"sourceUploadUrl":"https://storage.googleapis.com/uploads-643877074447.us-central1.cloudfunctions.appspot.com/db9a9862-4af5-4881-9335-4a7181c1dcdc.zip?GoogleAccessId=service-989222405388@gcf-admin-robot.iam.gserviceaccount.com&Expires=1685395797&Signature=Ld8bKrebRV%2Be27K5mmbhmqMe61f7yMGTOhO393%2BIehmRp4H7wa%2FivCWFJdxJ7lZDRij7Pb%2BnlfV5J1usM916byMz1s9B1ihEa0YDkpM2NL0z%2Bw3pQmRmJ4BST2JxKCdKWQ5yo7Gmt9SWlCNmw474AbA8%2FYODwkcqWdvOb2x9F6LUnliseWyyC6ITRZVb0suPRuNwKXQVRqln8Tj4HA4Q6leVM7v24X06fH8Uwmk6PRUjsjugS0U1XNA9Pq9EQnyWHDGIOAq9TXYHKDSH3KHd39ZCj7p5qrQeSc1F7DpTxEn1n4jfsDZyEL42ZpQBKyvSnflXUTcVKXCo7%2F8vuqRmGg%3D%3D","environmentVariables":{"FIREBASE_CONFIG":"{\"projectId\":\"food-explorer-firebase-back\",\"storageBucket\":\"food-explorer-firebase-back.appspot.com\",\"locationId\":\"southamerica-east1\"}","GCLOUD_PROJECT":"food-explorer-firebase-back","EVENTARC_CLOUD_EVENT_SOURCE":"projects/food-explorer-firebase-back/locations/us-central1/functions/app"},"runtime":"nodejs18","buildId":"8c186011-129e-4463-95d8-7784d192fbb1","buildEnvironmentVariables":{"GOOGLE_NODE_RUN_SCRIPTS":""},"buildName":"projects/989222405388/locations/us-central1/builds/8c186011-129e-4463-95d8-7784d192fbb1","dockerRegistry":"ARTIFACT_REGISTRY"},"versionId":"2","updateTime":"2023-05-29T20:59:59Z"}}
[debug] [2023-05-29T20:59:59.127Z] >>> [apiv2][query] GET https://cloudfunctions.googleapis.com/v1/operations/Zm9vZC1leHBsb3Jlci1maXJlYmFzZS1iYWNrL3VzLWNlbnRyYWwxL2FwcC9mN3kwNVBFOGdjMA [none]
[debug] [2023-05-29T20:59:59.847Z] <<< [apiv2][status] GET https://cloudfunctions.googleapis.com/v1/operations/Zm9vZC1leHBsb3Jlci1maXJlYmFzZS1iYWNrL3VzLWNlbnRyYWwxL2FwcC9mN3kwNVBFOGdjMA 200
[debug] [2023-05-29T20:59:59.847Z] <<< [apiv2][body] GET https://cloudfunctions.googleapis.com/v1/operations/Zm9vZC1leHBsb3Jlci1maXJlYmFzZS1iYWNrL3VzLWNlbnRyYWwxL2FwcC9mN3kwNVBFOGdjMA {"name":"operations/Zm9vZC1leHBsb3Jlci1maXJlYmFzZS1iYWNrL3VzLWNlbnRyYWwxL2FwcC9mN3kwNVBFOGdjMA","metadata":{"@type":"type.googleapis.com/google.cloud.functions.v1.OperationMetadataV1","target":"projects/food-explorer-firebase-back/locations/us-central1/functions/app","type":"UPDATE_FUNCTION","request":{"@type":"type.googleapis.com/google.cloud.functions.v1.CloudFunction","name":"projects/food-explorer-firebase-back/locations/us-central1/functions/app","httpsTrigger":{"url":"https://us-central1-food-explorer-firebase-back.cloudfunctions.net/app","securityLevel":"SECURE_ALWAYS"},"status":"OFFLINE","entryPoint":"app","updateTime":"2023-05-29T20:57:54.141Z","versionId":"1","labels":{"deployment-tool":"cli-firebase","firebase-functions-hash":"64c6afaaed4e2eeeeb3f72994e722cc3d997743a"},"sourceUploadUrl":"https://storage.googleapis.com/uploads-643877074447.us-central1.cloudfunctions.appspot.com/db9a9862-4af5-4881-9335-4a7181c1dcdc.zip?GoogleAccessId=service-989222405388@gcf-admin-robot.iam.gserviceaccount.com&Expires=1685395797&Signature=Ld8bKrebRV%2Be27K5mmbhmqMe61f7yMGTOhO393%2BIehmRp4H7wa%2FivCWFJdxJ7lZDRij7Pb%2BnlfV5J1usM916byMz1s9B1ihEa0YDkpM2NL0z%2Bw3pQmRmJ4BST2JxKCdKWQ5yo7Gmt9SWlCNmw474AbA8%2FYODwkcqWdvOb2x9F6LUnliseWyyC6ITRZVb0suPRuNwKXQVRqln8Tj4HA4Q6leVM7v24X06fH8Uwmk6PRUjsjugS0U1XNA9Pq9EQnyWHDGIOAq9TXYHKDSH3KHd39ZCj7p5qrQeSc1F7DpTxEn1n4jfsDZyEL42ZpQBKyvSnflXUTcVKXCo7%2F8vuqRmGg%3D%3D","environmentVariables":{"FIREBASE_CONFIG":"{\"projectId\":\"food-explorer-firebase-back\",\"storageBucket\":\"food-explorer-firebase-back.appspot.com\",\"locationId\":\"southamerica-east1\"}","GCLOUD_PROJECT":"food-explorer-firebase-back","EVENTARC_CLOUD_EVENT_SOURCE":"projects/food-explorer-firebase-back/locations/us-central1/functions/app"},"runtime":"nodejs18","buildId":"8c186011-129e-4463-95d8-7784d192fbb1","buildEnvironmentVariables":{"GOOGLE_NODE_RUN_SCRIPTS":""},"buildName":"projects/989222405388/locations/us-central1/builds/8c186011-129e-4463-95d8-7784d192fbb1","dockerRegistry":"ARTIFACT_REGISTRY"},"versionId":"2","updateTime":"2023-05-29T20:59:59Z","buildId":"d15ab833-fc2f-494e-b936-0f26d5cdf8bc","buildName":"projects/989222405388/locations/us-central1/builds/d15ab833-fc2f-494e-b936-0f26d5cdf8bc"}}
[debug] [2023-05-29T21:00:00.360Z] [update-default-us-central1-app] Retrying task index 0
[debug] [2023-05-29T21:00:00.361Z] >>> [apiv2][query] GET https://cloudfunctions.googleapis.com/v1/operations/Zm9vZC1leHBsb3Jlci1maXJlYmFzZS1iYWNrL3VzLWNlbnRyYWwxL2FwcC9mN3kwNVBFOGdjMA [none]
[debug] [2023-05-29T21:00:01.069Z] <<< [apiv2][status] GET https://cloudfunctions.googleapis.com/v1/operations/Zm9vZC1leHBsb3Jlci1maXJlYmFzZS1iYWNrL3VzLWNlbnRyYWwxL2FwcC9mN3kwNVBFOGdjMA 200
[debug] [2023-05-29T21:00:01.069Z] <<< [apiv2][body] GET https://cloudfunctions.googleapis.com/v1/operations/Zm9vZC1leHBsb3Jlci1maXJlYmFzZS1iYWNrL3VzLWNlbnRyYWwxL2FwcC9mN3kwNVBFOGdjMA {"name":"operations/Zm9vZC1leHBsb3Jlci1maXJlYmFzZS1iYWNrL3VzLWNlbnRyYWwxL2FwcC9mN3kwNVBFOGdjMA","metadata":{"@type":"type.googleapis.com/google.cloud.functions.v1.OperationMetadataV1","target":"projects/food-explorer-firebase-back/locations/us-central1/functions/app","type":"UPDATE_FUNCTION","request":{"@type":"type.googleapis.com/google.cloud.functions.v1.CloudFunction","name":"projects/food-explorer-firebase-back/locations/us-central1/functions/app","httpsTrigger":{"url":"https://us-central1-food-explorer-firebase-back.cloudfunctions.net/app","securityLevel":"SECURE_ALWAYS"},"status":"OFFLINE","entryPoint":"app","updateTime":"2023-05-29T20:57:54.141Z","versionId":"1","labels":{"deployment-tool":"cli-firebase","firebase-functions-hash":"64c6afaaed4e2eeeeb3f72994e722cc3d997743a"},"sourceUploadUrl":"https://storage.googleapis.com/uploads-643877074447.us-central1.cloudfunctions.appspot.com/db9a9862-4af5-4881-9335-4a7181c1dcdc.zip?GoogleAccessId=service-989222405388@gcf-admin-robot.iam.gserviceaccount.com&Expires=1685395797&Signature=Ld8bKrebRV%2Be27K5mmbhmqMe61f7yMGTOhO393%2BIehmRp4H7wa%2FivCWFJdxJ7lZDRij7Pb%2BnlfV5J1usM916byMz1s9B1ihEa0YDkpM2NL0z%2Bw3pQmRmJ4BST2JxKCdKWQ5yo7Gmt9SWlCNmw474AbA8%2FYODwkcqWdvOb2x9F6LUnliseWyyC6ITRZVb0suPRuNwKXQVRqln8Tj4HA4Q6leVM7v24X06fH8Uwmk6PRUjsjugS0U1XNA9Pq9EQnyWHDGIOAq9TXYHKDSH3KHd39ZCj7p5qrQeSc1F7DpTxEn1n4jfsDZyEL42ZpQBKyvSnflXUTcVKXCo7%2F8vuqRmGg%3D%3D","environmentVariables":{"FIREBASE_CONFIG":"{\"projectId\":\"food-explorer-firebase-back\",\"storageBucket\":\"food-explorer-firebase-back.appspot.com\",\"locationId\":\"southamerica-east1\"}","GCLOUD_PROJECT":"food-explorer-firebase-back","EVENTARC_CLOUD_EVENT_SOURCE":"projects/food-explorer-firebase-back/locations/us-central1/functions/app"},"runtime":"nodejs18","buildId":"8c186011-129e-4463-95d8-7784d192fbb1","buildEnvironmentVariables":{"GOOGLE_NODE_RUN_SCRIPTS":""},"buildName":"projects/989222405388/locations/us-central1/builds/8c186011-129e-4463-95d8-7784d192fbb1","dockerRegistry":"ARTIFACT_REGISTRY"},"versionId":"2","updateTime":"2023-05-29T20:59:59Z","buildId":"d15ab833-fc2f-494e-b936-0f26d5cdf8bc","buildName":"projects/989222405388/locations/us-central1/builds/d15ab833-fc2f-494e-b936-0f26d5cdf8bc"}}
[debug] [2023-05-29T21:00:02.071Z] [update-default-us-central1-app] Retrying task index 0
[debug] [2023-05-29T21:00:02.072Z] >>> [apiv2][query] GET https://cloudfunctions.googleapis.com/v1/operations/Zm9vZC1leHBsb3Jlci1maXJlYmFzZS1iYWNrL3VzLWNlbnRyYWwxL2FwcC9mN3kwNVBFOGdjMA [none]
[debug] [2023-05-29T21:00:02.528Z] <<< [apiv2][status] GET https://cloudfunctions.googleapis.com/v1/operations/Zm9vZC1leHBsb3Jlci1maXJlYmFzZS1iYWNrL3VzLWNlbnRyYWwxL2FwcC9mN3kwNVBFOGdjMA 200
[debug] [2023-05-29T21:00:02.528Z] <<< [apiv2][body] GET https://cloudfunctions.googleapis.com/v1/operations/Zm9vZC1leHBsb3Jlci1maXJlYmFzZS1iYWNrL3VzLWNlbnRyYWwxL2FwcC9mN3kwNVBFOGdjMA {"name":"operations/Zm9vZC1leHBsb3Jlci1maXJlYmFzZS1iYWNrL3VzLWNlbnRyYWwxL2FwcC9mN3kwNVBFOGdjMA","metadata":{"@type":"type.googleapis.com/google.cloud.functions.v1.OperationMetadataV1","target":"projects/food-explorer-firebase-back/locations/us-central1/functions/app","type":"UPDATE_FUNCTION","request":{"@type":"type.googleapis.com/google.cloud.functions.v1.CloudFunction","name":"projects/food-explorer-firebase-back/locations/us-central1/functions/app","httpsTrigger":{"url":"https://us-central1-food-explorer-firebase-back.cloudfunctions.net/app","securityLevel":"SECURE_ALWAYS"},"status":"OFFLINE","entryPoint":"app","updateTime":"2023-05-29T20:57:54.141Z","versionId":"1","labels":{"deployment-tool":"cli-firebase","firebase-functions-hash":"64c6afaaed4e2eeeeb3f72994e722cc3d997743a"},"sourceUploadUrl":"https://storage.googleapis.com/uploads-643877074447.us-central1.cloudfunctions.appspot.com/db9a9862-4af5-4881-9335-4a7181c1dcdc.zip?GoogleAccessId=service-989222405388@gcf-admin-robot.iam.gserviceaccount.com&Expires=1685395797&Signature=Ld8bKrebRV%2Be27K5mmbhmqMe61f7yMGTOhO393%2BIehmRp4H7wa%2FivCWFJdxJ7lZDRij7Pb%2BnlfV5J1usM916byMz1s9B1ihEa0YDkpM2NL0z%2Bw3pQmRmJ4BST2JxKCdKWQ5yo7Gmt9SWlCNmw474AbA8%2FYODwkcqWdvOb2x9F6LUnliseWyyC6ITRZVb0suPRuNwKXQVRqln8Tj4HA4Q6leVM7v24X06fH8Uwmk6PRUjsjugS0U1XNA9Pq9EQnyWHDGIOAq9TXYHKDSH3KHd39ZCj7p5qrQeSc1F7DpTxEn1n4jfsDZyEL42ZpQBKyvSnflXUTcVKXCo7%2F8vuqRmGg%3D%3D","environmentVariables":{"FIREBASE_CONFIG":"{\"projectId\":\"food-explorer-firebase-back\",\"storageBucket\":\"food-explorer-firebase-back.appspot.com\",\"locationId\":\"southamerica-east1\"}","GCLOUD_PROJECT":"food-explorer-firebase-back","EVENTARC_CLOUD_EVENT_SOURCE":"projects/food-explorer-firebase-back/locations/us-central1/functions/app"},"runtime":"nodejs18","buildId":"8c186011-129e-4463-95d8-7784d192fbb1","buildEnvironmentVariables":{"GOOGLE_NODE_RUN_SCRIPTS":""},"buildName":"projects/989222405388/locations/us-central1/builds/8c186011-129e-4463-95d8-7784d192fbb1","dockerRegistry":"ARTIFACT_REGISTRY"},"versionId":"2","updateTime":"2023-05-29T20:59:59Z","buildId":"d15ab833-fc2f-494e-b936-0f26d5cdf8bc","buildName":"projects/989222405388/locations/us-central1/builds/d15ab833-fc2f-494e-b936-0f26d5cdf8bc"}}
[debug] [2023-05-29T21:00:04.542Z] [update-default-us-central1-app] Retrying task index 0
[debug] [2023-05-29T21:00:04.542Z] >>> [apiv2][query] GET https://cloudfunctions.googleapis.com/v1/operations/Zm9vZC1leHBsb3Jlci1maXJlYmFzZS1iYWNrL3VzLWNlbnRyYWwxL2FwcC9mN3kwNVBFOGdjMA [none]
[debug] [2023-05-29T21:00:05.218Z] <<< [apiv2][status] GET https://cloudfunctions.googleapis.com/v1/operations/Zm9vZC1leHBsb3Jlci1maXJlYmFzZS1iYWNrL3VzLWNlbnRyYWwxL2FwcC9mN3kwNVBFOGdjMA 200
[debug] [2023-05-29T21:00:05.218Z] <<< [apiv2][body] GET https://cloudfunctions.googleapis.com/v1/operations/Zm9vZC1leHBsb3Jlci1maXJlYmFzZS1iYWNrL3VzLWNlbnRyYWwxL2FwcC9mN3kwNVBFOGdjMA {"name":"operations/Zm9vZC1leHBsb3Jlci1maXJlYmFzZS1iYWNrL3VzLWNlbnRyYWwxL2FwcC9mN3kwNVBFOGdjMA","metadata":{"@type":"type.googleapis.com/google.cloud.functions.v1.OperationMetadataV1","target":"projects/food-explorer-firebase-back/locations/us-central1/functions/app","type":"UPDATE_FUNCTION","request":{"@type":"type.googleapis.com/google.cloud.functions.v1.CloudFunction","name":"projects/food-explorer-firebase-back/locations/us-central1/functions/app","httpsTrigger":{"url":"https://us-central1-food-explorer-firebase-back.cloudfunctions.net/app","securityLevel":"SECURE_ALWAYS"},"status":"OFFLINE","entryPoint":"app","updateTime":"2023-05-29T20:57:54.141Z","versionId":"1","labels":{"deployment-tool":"cli-firebase","firebase-functions-hash":"64c6afaaed4e2eeeeb3f72994e722cc3d997743a"},"sourceUploadUrl":"https://storage.googleapis.com/uploads-643877074447.us-central1.cloudfunctions.appspot.com/db9a9862-4af5-4881-9335-4a7181c1dcdc.zip?GoogleAccessId=service-989222405388@gcf-admin-robot.iam.gserviceaccount.com&Expires=1685395797&Signature=Ld8bKrebRV%2Be27K5mmbhmqMe61f7yMGTOhO393%2BIehmRp4H7wa%2FivCWFJdxJ7lZDRij7Pb%2BnlfV5J1usM916byMz1s9B1ihEa0YDkpM2NL0z%2Bw3pQmRmJ4BST2JxKCdKWQ5yo7Gmt9SWlCNmw474AbA8%2FYODwkcqWdvOb2x9F6LUnliseWyyC6ITRZVb0suPRuNwKXQVRqln8Tj4HA4Q6leVM7v24X06fH8Uwmk6PRUjsjugS0U1XNA9Pq9EQnyWHDGIOAq9TXYHKDSH3KHd39ZCj7p5qrQeSc1F7DpTxEn1n4jfsDZyEL42ZpQBKyvSnflXUTcVKXCo7%2F8vuqRmGg%3D%3D","environmentVariables":{"FIREBASE_CONFIG":"{\"projectId\":\"food-explorer-firebase-back\",\"storageBucket\":\"food-explorer-firebase-back.appspot.com\",\"locationId\":\"southamerica-east1\"}","GCLOUD_PROJECT":"food-explorer-firebase-back","EVENTARC_CLOUD_EVENT_SOURCE":"projects/food-explorer-firebase-back/locations/us-central1/functions/app"},"runtime":"nodejs18","buildId":"8c186011-129e-4463-95d8-7784d192fbb1","buildEnvironmentVariables":{"GOOGLE_NODE_RUN_SCRIPTS":""},"buildName":"projects/989222405388/locations/us-central1/builds/8c186011-129e-4463-95d8-7784d192fbb1","dockerRegistry":"ARTIFACT_REGISTRY"},"versionId":"2","updateTime":"2023-05-29T20:59:59Z","buildId":"d15ab833-fc2f-494e-b936-0f26d5cdf8bc","buildName":"projects/989222405388/locations/us-central1/builds/d15ab833-fc2f-494e-b936-0f26d5cdf8bc"}}
[debug] [2023-05-29T21:00:09.230Z] [update-default-us-central1-app] Retrying task index 0
[debug] [2023-05-29T21:00:09.230Z] >>> [apiv2][query] GET https://cloudfunctions.googleapis.com/v1/operations/Zm9vZC1leHBsb3Jlci1maXJlYmFzZS1iYWNrL3VzLWNlbnRyYWwxL2FwcC9mN3kwNVBFOGdjMA [none]
[debug] [2023-05-29T21:00:09.859Z] <<< [apiv2][status] GET https://cloudfunctions.googleapis.com/v1/operations/Zm9vZC1leHBsb3Jlci1maXJlYmFzZS1iYWNrL3VzLWNlbnRyYWwxL2FwcC9mN3kwNVBFOGdjMA 200
[debug] [2023-05-29T21:00:09.859Z] <<< [apiv2][body] GET https://cloudfunctions.googleapis.com/v1/operations/Zm9vZC1leHBsb3Jlci1maXJlYmFzZS1iYWNrL3VzLWNlbnRyYWwxL2FwcC9mN3kwNVBFOGdjMA {"name":"operations/Zm9vZC1leHBsb3Jlci1maXJlYmFzZS1iYWNrL3VzLWNlbnRyYWwxL2FwcC9mN3kwNVBFOGdjMA","metadata":{"@type":"type.googleapis.com/google.cloud.functions.v1.OperationMetadataV1","target":"projects/food-explorer-firebase-back/locations/us-central1/functions/app","type":"UPDATE_FUNCTION","request":{"@type":"type.googleapis.com/google.cloud.functions.v1.CloudFunction","name":"projects/food-explorer-firebase-back/locations/us-central1/functions/app","httpsTrigger":{"url":"https://us-central1-food-explorer-firebase-back.cloudfunctions.net/app","securityLevel":"SECURE_ALWAYS"},"status":"OFFLINE","entryPoint":"app","updateTime":"2023-05-29T20:57:54.141Z","versionId":"1","labels":{"deployment-tool":"cli-firebase","firebase-functions-hash":"64c6afaaed4e2eeeeb3f72994e722cc3d997743a"},"sourceUploadUrl":"https://storage.googleapis.com/uploads-643877074447.us-central1.cloudfunctions.appspot.com/db9a9862-4af5-4881-9335-4a7181c1dcdc.zip?GoogleAccessId=service-989222405388@gcf-admin-robot.iam.gserviceaccount.com&Expires=1685395797&Signature=Ld8bKrebRV%2Be27K5mmbhmqMe61f7yMGTOhO393%2BIehmRp4H7wa%2FivCWFJdxJ7lZDRij7Pb%2BnlfV5J1usM916byMz1s9B1ihEa0YDkpM2NL0z%2Bw3pQmRmJ4BST2JxKCdKWQ5yo7Gmt9SWlCNmw474AbA8%2FYODwkcqWdvOb2x9F6LUnliseWyyC6ITRZVb0suPRuNwKXQVRqln8Tj4HA4Q6leVM7v24X06fH8Uwmk6PRUjsjugS0U1XNA9Pq9EQnyWHDGIOAq9TXYHKDSH3KHd39ZCj7p5qrQeSc1F7DpTxEn1n4jfsDZyEL42ZpQBKyvSnflXUTcVKXCo7%2F8vuqRmGg%3D%3D","environmentVariables":{"FIREBASE_CONFIG":"{\"projectId\":\"food-explorer-firebase-back\",\"storageBucket\":\"food-explorer-firebase-back.appspot.com\",\"locationId\":\"southamerica-east1\"}","GCLOUD_PROJECT":"food-explorer-firebase-back","EVENTARC_CLOUD_EVENT_SOURCE":"projects/food-explorer-firebase-back/locations/us-central1/functions/app"},"runtime":"nodejs18","buildId":"8c186011-129e-4463-95d8-7784d192fbb1","buildEnvironmentVariables":{"GOOGLE_NODE_RUN_SCRIPTS":""},"buildName":"projects/989222405388/locations/us-central1/builds/8c186011-129e-4463-95d8-7784d192fbb1","dockerRegistry":"ARTIFACT_REGISTRY"},"versionId":"2","updateTime":"2023-05-29T20:59:59Z","buildId":"d15ab833-fc2f-494e-b936-0f26d5cdf8bc","buildName":"projects/989222405388/locations/us-central1/builds/d15ab833-fc2f-494e-b936-0f26d5cdf8bc"}}
[debug] [2023-05-29T21:00:17.866Z] [update-default-us-central1-app] Retrying task index 0
[debug] [2023-05-29T21:00:17.866Z] >>> [apiv2][query] GET https://cloudfunctions.googleapis.com/v1/operations/Zm9vZC1leHBsb3Jlci1maXJlYmFzZS1iYWNrL3VzLWNlbnRyYWwxL2FwcC9mN3kwNVBFOGdjMA [none]
[debug] [2023-05-29T21:00:18.565Z] <<< [apiv2][status] GET https://cloudfunctions.googleapis.com/v1/operations/Zm9vZC1leHBsb3Jlci1maXJlYmFzZS1iYWNrL3VzLWNlbnRyYWwxL2FwcC9mN3kwNVBFOGdjMA 200
[debug] [2023-05-29T21:00:18.565Z] <<< [apiv2][body] GET https://cloudfunctions.googleapis.com/v1/operations/Zm9vZC1leHBsb3Jlci1maXJlYmFzZS1iYWNrL3VzLWNlbnRyYWwxL2FwcC9mN3kwNVBFOGdjMA {"name":"operations/Zm9vZC1leHBsb3Jlci1maXJlYmFzZS1iYWNrL3VzLWNlbnRyYWwxL2FwcC9mN3kwNVBFOGdjMA","metadata":{"@type":"type.googleapis.com/google.cloud.functions.v1.OperationMetadataV1","target":"projects/food-explorer-firebase-back/locations/us-central1/functions/app","type":"UPDATE_FUNCTION","request":{"@type":"type.googleapis.com/google.cloud.functions.v1.CloudFunction","name":"projects/food-explorer-firebase-back/locations/us-central1/functions/app","httpsTrigger":{"url":"https://us-central1-food-explorer-firebase-back.cloudfunctions.net/app","securityLevel":"SECURE_ALWAYS"},"status":"OFFLINE","entryPoint":"app","updateTime":"2023-05-29T20:57:54.141Z","versionId":"1","labels":{"deployment-tool":"cli-firebase","firebase-functions-hash":"64c6afaaed4e2eeeeb3f72994e722cc3d997743a"},"sourceUploadUrl":"https://storage.googleapis.com/uploads-643877074447.us-central1.cloudfunctions.appspot.com/db9a9862-4af5-4881-9335-4a7181c1dcdc.zip?GoogleAccessId=service-989222405388@gcf-admin-robot.iam.gserviceaccount.com&Expires=1685395797&Signature=Ld8bKrebRV%2Be27K5mmbhmqMe61f7yMGTOhO393%2BIehmRp4H7wa%2FivCWFJdxJ7lZDRij7Pb%2BnlfV5J1usM916byMz1s9B1ihEa0YDkpM2NL0z%2Bw3pQmRmJ4BST2JxKCdKWQ5yo7Gmt9SWlCNmw474AbA8%2FYODwkcqWdvOb2x9F6LUnliseWyyC6ITRZVb0suPRuNwKXQVRqln8Tj4HA4Q6leVM7v24X06fH8Uwmk6PRUjsjugS0U1XNA9Pq9EQnyWHDGIOAq9TXYHKDSH3KHd39ZCj7p5qrQeSc1F7DpTxEn1n4jfsDZyEL42ZpQBKyvSnflXUTcVKXCo7%2F8vuqRmGg%3D%3D","environmentVariables":{"FIREBASE_CONFIG":"{\"projectId\":\"food-explorer-firebase-back\",\"storageBucket\":\"food-explorer-firebase-back.appspot.com\",\"locationId\":\"southamerica-east1\"}","GCLOUD_PROJECT":"food-explorer-firebase-back","EVENTARC_CLOUD_EVENT_SOURCE":"projects/food-explorer-firebase-back/locations/us-central1/functions/app"},"runtime":"nodejs18","buildId":"8c186011-129e-4463-95d8-7784d192fbb1","buildEnvironmentVariables":{"GOOGLE_NODE_RUN_SCRIPTS":""},"buildName":"projects/989222405388/locations/us-central1/builds/8c186011-129e-4463-95d8-7784d192fbb1","dockerRegistry":"ARTIFACT_REGISTRY"},"versionId":"2","updateTime":"2023-05-29T20:59:59Z","buildId":"d15ab833-fc2f-494e-b936-0f26d5cdf8bc","buildName":"projects/989222405388/locations/us-central1/builds/d15ab833-fc2f-494e-b936-0f26d5cdf8bc"}}
[debug] [2023-05-29T21:00:28.567Z] [update-default-us-central1-app] Retrying task index 0
[debug] [2023-05-29T21:00:28.567Z] >>> [apiv2][query] GET https://cloudfunctions.googleapis.com/v1/operations/Zm9vZC1leHBsb3Jlci1maXJlYmFzZS1iYWNrL3VzLWNlbnRyYWwxL2FwcC9mN3kwNVBFOGdjMA [none]
[debug] [2023-05-29T21:00:29.188Z] <<< [apiv2][status] GET https://cloudfunctions.googleapis.com/v1/operations/Zm9vZC1leHBsb3Jlci1maXJlYmFzZS1iYWNrL3VzLWNlbnRyYWwxL2FwcC9mN3kwNVBFOGdjMA 200
[debug] [2023-05-29T21:00:29.188Z] <<< [apiv2][body] GET https://cloudfunctions.googleapis.com/v1/operations/Zm9vZC1leHBsb3Jlci1maXJlYmFzZS1iYWNrL3VzLWNlbnRyYWwxL2FwcC9mN3kwNVBFOGdjMA {"name":"operations/Zm9vZC1leHBsb3Jlci1maXJlYmFzZS1iYWNrL3VzLWNlbnRyYWwxL2FwcC9mN3kwNVBFOGdjMA","metadata":{"@type":"type.googleapis.com/google.cloud.functions.v1.OperationMetadataV1","target":"projects/food-explorer-firebase-back/locations/us-central1/functions/app","type":"UPDATE_FUNCTION","request":{"@type":"type.googleapis.com/google.cloud.functions.v1.CloudFunction","name":"projects/food-explorer-firebase-back/locations/us-central1/functions/app","httpsTrigger":{"url":"https://us-central1-food-explorer-firebase-back.cloudfunctions.net/app","securityLevel":"SECURE_ALWAYS"},"status":"OFFLINE","entryPoint":"app","updateTime":"2023-05-29T20:57:54.141Z","versionId":"1","labels":{"deployment-tool":"cli-firebase","firebase-functions-hash":"64c6afaaed4e2eeeeb3f72994e722cc3d997743a"},"sourceUploadUrl":"https://storage.googleapis.com/uploads-643877074447.us-central1.cloudfunctions.appspot.com/db9a9862-4af5-4881-9335-4a7181c1dcdc.zip?GoogleAccessId=service-989222405388@gcf-admin-robot.iam.gserviceaccount.com&Expires=1685395797&Signature=Ld8bKrebRV%2Be27K5mmbhmqMe61f7yMGTOhO393%2BIehmRp4H7wa%2FivCWFJdxJ7lZDRij7Pb%2BnlfV5J1usM916byMz1s9B1ihEa0YDkpM2NL0z%2Bw3pQmRmJ4BST2JxKCdKWQ5yo7Gmt9SWlCNmw474AbA8%2FYODwkcqWdvOb2x9F6LUnliseWyyC6ITRZVb0suPRuNwKXQVRqln8Tj4HA4Q6leVM7v24X06fH8Uwmk6PRUjsjugS0U1XNA9Pq9EQnyWHDGIOAq9TXYHKDSH3KHd39ZCj7p5qrQeSc1F7DpTxEn1n4jfsDZyEL42ZpQBKyvSnflXUTcVKXCo7%2F8vuqRmGg%3D%3D","environmentVariables":{"FIREBASE_CONFIG":"{\"projectId\":\"food-explorer-firebase-back\",\"storageBucket\":\"food-explorer-firebase-back.appspot.com\",\"locationId\":\"southamerica-east1\"}","GCLOUD_PROJECT":"food-explorer-firebase-back","EVENTARC_CLOUD_EVENT_SOURCE":"projects/food-explorer-firebase-back/locations/us-central1/functions/app"},"runtime":"nodejs18","buildId":"8c186011-129e-4463-95d8-7784d192fbb1","buildEnvironmentVariables":{"GOOGLE_NODE_RUN_SCRIPTS":""},"buildName":"projects/989222405388/locations/us-central1/builds/8c186011-129e-4463-95d8-7784d192fbb1","dockerRegistry":"ARTIFACT_REGISTRY"},"versionId":"2","updateTime":"2023-05-29T20:59:59Z","buildId":"d15ab833-fc2f-494e-b936-0f26d5cdf8bc","buildName":"projects/989222405388/locations/us-central1/builds/d15ab833-fc2f-494e-b936-0f26d5cdf8bc"}}
[debug] [2023-05-29T21:00:39.200Z] [update-default-us-central1-app] Retrying task index 0
[debug] [2023-05-29T21:00:39.201Z] >>> [apiv2][query] GET https://cloudfunctions.googleapis.com/v1/operations/Zm9vZC1leHBsb3Jlci1maXJlYmFzZS1iYWNrL3VzLWNlbnRyYWwxL2FwcC9mN3kwNVBFOGdjMA [none]
[debug] [2023-05-29T21:00:39.854Z] <<< [apiv2][status] GET https://cloudfunctions.googleapis.com/v1/operations/Zm9vZC1leHBsb3Jlci1maXJlYmFzZS1iYWNrL3VzLWNlbnRyYWwxL2FwcC9mN3kwNVBFOGdjMA 200
[debug] [2023-05-29T21:00:39.854Z] <<< [apiv2][body] GET https://cloudfunctions.googleapis.com/v1/operations/Zm9vZC1leHBsb3Jlci1maXJlYmFzZS1iYWNrL3VzLWNlbnRyYWwxL2FwcC9mN3kwNVBFOGdjMA {"name":"operations/Zm9vZC1leHBsb3Jlci1maXJlYmFzZS1iYWNrL3VzLWNlbnRyYWwxL2FwcC9mN3kwNVBFOGdjMA","metadata":{"@type":"type.googleapis.com/google.cloud.functions.v1.OperationMetadataV1","target":"projects/food-explorer-firebase-back/locations/us-central1/functions/app","type":"UPDATE_FUNCTION","request":{"@type":"type.googleapis.com/google.cloud.functions.v1.CloudFunction","name":"projects/food-explorer-firebase-back/locations/us-central1/functions/app","httpsTrigger":{"url":"https://us-central1-food-explorer-firebase-back.cloudfunctions.net/app","securityLevel":"SECURE_ALWAYS"},"status":"OFFLINE","entryPoint":"app","updateTime":"2023-05-29T20:57:54.141Z","versionId":"1","labels":{"deployment-tool":"cli-firebase","firebase-functions-hash":"64c6afaaed4e2eeeeb3f72994e722cc3d997743a"},"sourceUploadUrl":"https://storage.googleapis.com/uploads-643877074447.us-central1.cloudfunctions.appspot.com/db9a9862-4af5-4881-9335-4a7181c1dcdc.zip?GoogleAccessId=service-989222405388@gcf-admin-robot.iam.gserviceaccount.com&Expires=1685395797&Signature=Ld8bKrebRV%2Be27K5mmbhmqMe61f7yMGTOhO393%2BIehmRp4H7wa%2FivCWFJdxJ7lZDRij7Pb%2BnlfV5J1usM916byMz1s9B1ihEa0YDkpM2NL0z%2Bw3pQmRmJ4BST2JxKCdKWQ5yo7Gmt9SWlCNmw474AbA8%2FYODwkcqWdvOb2x9F6LUnliseWyyC6ITRZVb0suPRuNwKXQVRqln8Tj4HA4Q6leVM7v24X06fH8Uwmk6PRUjsjugS0U1XNA9Pq9EQnyWHDGIOAq9TXYHKDSH3KHd39ZCj7p5qrQeSc1F7DpTxEn1n4jfsDZyEL42ZpQBKyvSnflXUTcVKXCo7%2F8vuqRmGg%3D%3D","environmentVariables":{"FIREBASE_CONFIG":"{\"projectId\":\"food-explorer-firebase-back\",\"storageBucket\":\"food-explorer-firebase-back.appspot.com\",\"locationId\":\"southamerica-east1\"}","GCLOUD_PROJECT":"food-explorer-firebase-back","EVENTARC_CLOUD_EVENT_SOURCE":"projects/food-explorer-firebase-back/locations/us-central1/functions/app"},"runtime":"nodejs18","buildId":"8c186011-129e-4463-95d8-7784d192fbb1","buildEnvironmentVariables":{"GOOGLE_NODE_RUN_SCRIPTS":""},"buildName":"projects/989222405388/locations/us-central1/builds/8c186011-129e-4463-95d8-7784d192fbb1","dockerRegistry":"ARTIFACT_REGISTRY"},"versionId":"2","updateTime":"2023-05-29T20:59:59Z","buildId":"d15ab833-fc2f-494e-b936-0f26d5cdf8bc","buildName":"projects/989222405388/locations/us-central1/builds/d15ab833-fc2f-494e-b936-0f26d5cdf8bc"}}
[debug] [2023-05-29T21:00:49.861Z] [update-default-us-central1-app] Retrying task index 0
[debug] [2023-05-29T21:00:49.862Z] >>> [apiv2][query] GET https://cloudfunctions.googleapis.com/v1/operations/Zm9vZC1leHBsb3Jlci1maXJlYmFzZS1iYWNrL3VzLWNlbnRyYWwxL2FwcC9mN3kwNVBFOGdjMA [none]
[debug] [2023-05-29T21:00:50.261Z] <<< [apiv2][status] GET https://cloudfunctions.googleapis.com/v1/operations/Zm9vZC1leHBsb3Jlci1maXJlYmFzZS1iYWNrL3VzLWNlbnRyYWwxL2FwcC9mN3kwNVBFOGdjMA 200
[debug] [2023-05-29T21:00:50.261Z] <<< [apiv2][body] GET https://cloudfunctions.googleapis.com/v1/operations/Zm9vZC1leHBsb3Jlci1maXJlYmFzZS1iYWNrL3VzLWNlbnRyYWwxL2FwcC9mN3kwNVBFOGdjMA {"name":"operations/Zm9vZC1leHBsb3Jlci1maXJlYmFzZS1iYWNrL3VzLWNlbnRyYWwxL2FwcC9mN3kwNVBFOGdjMA","metadata":{"@type":"type.googleapis.com/google.cloud.functions.v1.OperationMetadataV1","target":"projects/food-explorer-firebase-back/locations/us-central1/functions/app","type":"UPDATE_FUNCTION","request":{"@type":"type.googleapis.com/google.cloud.functions.v1.CloudFunction","name":"projects/food-explorer-firebase-back/locations/us-central1/functions/app","httpsTrigger":{"url":"https://us-central1-food-explorer-firebase-back.cloudfunctions.net/app","securityLevel":"SECURE_ALWAYS"},"status":"OFFLINE","entryPoint":"app","updateTime":"2023-05-29T20:57:54.141Z","versionId":"1","labels":{"deployment-tool":"cli-firebase","firebase-functions-hash":"64c6afaaed4e2eeeeb3f72994e722cc3d997743a"},"sourceUploadUrl":"https://storage.googleapis.com/uploads-643877074447.us-central1.cloudfunctions.appspot.com/db9a9862-4af5-4881-9335-4a7181c1dcdc.zip?GoogleAccessId=service-989222405388@gcf-admin-robot.iam.gserviceaccount.com&Expires=1685395797&Signature=Ld8bKrebRV%2Be27K5mmbhmqMe61f7yMGTOhO393%2BIehmRp4H7wa%2FivCWFJdxJ7lZDRij7Pb%2BnlfV5J1usM916byMz1s9B1ihEa0YDkpM2NL0z%2Bw3pQmRmJ4BST2JxKCdKWQ5yo7Gmt9SWlCNmw474AbA8%2FYODwkcqWdvOb2x9F6LUnliseWyyC6ITRZVb0suPRuNwKXQVRqln8Tj4HA4Q6leVM7v24X06fH8Uwmk6PRUjsjugS0U1XNA9Pq9EQnyWHDGIOAq9TXYHKDSH3KHd39ZCj7p5qrQeSc1F7DpTxEn1n4jfsDZyEL42ZpQBKyvSnflXUTcVKXCo7%2F8vuqRmGg%3D%3D","environmentVariables":{"FIREBASE_CONFIG":"{\"projectId\":\"food-explorer-firebase-back\",\"storageBucket\":\"food-explorer-firebase-back.appspot.com\",\"locationId\":\"southamerica-east1\"}","GCLOUD_PROJECT":"food-explorer-firebase-back","EVENTARC_CLOUD_EVENT_SOURCE":"projects/food-explorer-firebase-back/locations/us-central1/functions/app"},"runtime":"nodejs18","buildId":"8c186011-129e-4463-95d8-7784d192fbb1","buildEnvironmentVariables":{"GOOGLE_NODE_RUN_SCRIPTS":""},"buildName":"projects/989222405388/locations/us-central1/builds/8c186011-129e-4463-95d8-7784d192fbb1","dockerRegistry":"ARTIFACT_REGISTRY"},"versionId":"2","updateTime":"2023-05-29T20:59:59Z","buildId":"d15ab833-fc2f-494e-b936-0f26d5cdf8bc","buildName":"projects/989222405388/locations/us-central1/builds/d15ab833-fc2f-494e-b936-0f26d5cdf8bc"}}
[debug] [2023-05-29T21:01:00.276Z] [update-default-us-central1-app] Retrying task index 0
[debug] [2023-05-29T21:01:00.277Z] >>> [apiv2][query] GET https://cloudfunctions.googleapis.com/v1/operations/Zm9vZC1leHBsb3Jlci1maXJlYmFzZS1iYWNrL3VzLWNlbnRyYWwxL2FwcC9mN3kwNVBFOGdjMA [none]
[debug] [2023-05-29T21:01:01.026Z] <<< [apiv2][status] GET https://cloudfunctions.googleapis.com/v1/operations/Zm9vZC1leHBsb3Jlci1maXJlYmFzZS1iYWNrL3VzLWNlbnRyYWwxL2FwcC9mN3kwNVBFOGdjMA 200
[debug] [2023-05-29T21:01:01.027Z] <<< [apiv2][body] GET https://cloudfunctions.googleapis.com/v1/operations/Zm9vZC1leHBsb3Jlci1maXJlYmFzZS1iYWNrL3VzLWNlbnRyYWwxL2FwcC9mN3kwNVBFOGdjMA {"name":"operations/Zm9vZC1leHBsb3Jlci1maXJlYmFzZS1iYWNrL3VzLWNlbnRyYWwxL2FwcC9mN3kwNVBFOGdjMA","metadata":{"@type":"type.googleapis.com/google.cloud.functions.v1.OperationMetadataV1","target":"projects/food-explorer-firebase-back/locations/us-central1/functions/app","type":"UPDATE_FUNCTION","request":{"@type":"type.googleapis.com/google.cloud.functions.v1.CloudFunction","name":"projects/food-explorer-firebase-back/locations/us-central1/functions/app","httpsTrigger":{"url":"https://us-central1-food-explorer-firebase-back.cloudfunctions.net/app","securityLevel":"SECURE_ALWAYS"},"status":"OFFLINE","entryPoint":"app","updateTime":"2023-05-29T20:57:54.141Z","versionId":"1","labels":{"deployment-tool":"cli-firebase","firebase-functions-hash":"64c6afaaed4e2eeeeb3f72994e722cc3d997743a"},"sourceUploadUrl":"https://storage.googleapis.com/uploads-643877074447.us-central1.cloudfunctions.appspot.com/db9a9862-4af5-4881-9335-4a7181c1dcdc.zip?GoogleAccessId=service-989222405388@gcf-admin-robot.iam.gserviceaccount.com&Expires=1685395797&Signature=Ld8bKrebRV%2Be27K5mmbhmqMe61f7yMGTOhO393%2BIehmRp4H7wa%2FivCWFJdxJ7lZDRij7Pb%2BnlfV5J1usM916byMz1s9B1ihEa0YDkpM2NL0z%2Bw3pQmRmJ4BST2JxKCdKWQ5yo7Gmt9SWlCNmw474AbA8%2FYODwkcqWdvOb2x9F6LUnliseWyyC6ITRZVb0suPRuNwKXQVRqln8Tj4HA4Q6leVM7v24X06fH8Uwmk6PRUjsjugS0U1XNA9Pq9EQnyWHDGIOAq9TXYHKDSH3KHd39ZCj7p5qrQeSc1F7DpTxEn1n4jfsDZyEL42ZpQBKyvSnflXUTcVKXCo7%2F8vuqRmGg%3D%3D","environmentVariables":{"FIREBASE_CONFIG":"{\"projectId\":\"food-explorer-firebase-back\",\"storageBucket\":\"food-explorer-firebase-back.appspot.com\",\"locationId\":\"southamerica-east1\"}","GCLOUD_PROJECT":"food-explorer-firebase-back","EVENTARC_CLOUD_EVENT_SOURCE":"projects/food-explorer-firebase-back/locations/us-central1/functions/app"},"runtime":"nodejs18","buildId":"8c186011-129e-4463-95d8-7784d192fbb1","buildEnvironmentVariables":{"GOOGLE_NODE_RUN_SCRIPTS":""},"buildName":"projects/989222405388/locations/us-central1/builds/8c186011-129e-4463-95d8-7784d192fbb1","dockerRegistry":"ARTIFACT_REGISTRY"},"versionId":"2","updateTime":"2023-05-29T20:59:59Z","buildId":"d15ab833-fc2f-494e-b936-0f26d5cdf8bc","buildName":"projects/989222405388/locations/us-central1/builds/d15ab833-fc2f-494e-b936-0f26d5cdf8bc"}}
[debug] [2023-05-29T21:01:11.032Z] [update-default-us-central1-app] Retrying task index 0
[debug] [2023-05-29T21:01:11.032Z] >>> [apiv2][query] GET https://cloudfunctions.googleapis.com/v1/operations/Zm9vZC1leHBsb3Jlci1maXJlYmFzZS1iYWNrL3VzLWNlbnRyYWwxL2FwcC9mN3kwNVBFOGdjMA [none]
[debug] [2023-05-29T21:01:11.753Z] <<< [apiv2][status] GET https://cloudfunctions.googleapis.com/v1/operations/Zm9vZC1leHBsb3Jlci1maXJlYmFzZS1iYWNrL3VzLWNlbnRyYWwxL2FwcC9mN3kwNVBFOGdjMA 200
[debug] [2023-05-29T21:01:11.753Z] <<< [apiv2][body] GET https://cloudfunctions.googleapis.com/v1/operations/Zm9vZC1leHBsb3Jlci1maXJlYmFzZS1iYWNrL3VzLWNlbnRyYWwxL2FwcC9mN3kwNVBFOGdjMA {"name":"operations/Zm9vZC1leHBsb3Jlci1maXJlYmFzZS1iYWNrL3VzLWNlbnRyYWwxL2FwcC9mN3kwNVBFOGdjMA","metadata":{"@type":"type.googleapis.com/google.cloud.functions.v1.OperationMetadataV1","target":"projects/food-explorer-firebase-back/locations/us-central1/functions/app","type":"UPDATE_FUNCTION","request":{"@type":"type.googleapis.com/google.cloud.functions.v1.CloudFunction","name":"projects/food-explorer-firebase-back/locations/us-central1/functions/app","httpsTrigger":{"url":"https://us-central1-food-explorer-firebase-back.cloudfunctions.net/app","securityLevel":"SECURE_ALWAYS"},"status":"OFFLINE","entryPoint":"app","updateTime":"2023-05-29T20:57:54.141Z","versionId":"1","labels":{"deployment-tool":"cli-firebase","firebase-functions-hash":"64c6afaaed4e2eeeeb3f72994e722cc3d997743a"},"sourceUploadUrl":"https://storage.googleapis.com/uploads-643877074447.us-central1.cloudfunctions.appspot.com/db9a9862-4af5-4881-9335-4a7181c1dcdc.zip?GoogleAccessId=service-989222405388@gcf-admin-robot.iam.gserviceaccount.com&Expires=1685395797&Signature=Ld8bKrebRV%2Be27K5mmbhmqMe61f7yMGTOhO393%2BIehmRp4H7wa%2FivCWFJdxJ7lZDRij7Pb%2BnlfV5J1usM916byMz1s9B1ihEa0YDkpM2NL0z%2Bw3pQmRmJ4BST2JxKCdKWQ5yo7Gmt9SWlCNmw474AbA8%2FYODwkcqWdvOb2x9F6LUnliseWyyC6ITRZVb0suPRuNwKXQVRqln8Tj4HA4Q6leVM7v24X06fH8Uwmk6PRUjsjugS0U1XNA9Pq9EQnyWHDGIOAq9TXYHKDSH3KHd39ZCj7p5qrQeSc1F7DpTxEn1n4jfsDZyEL42ZpQBKyvSnflXUTcVKXCo7%2F8vuqRmGg%3D%3D","environmentVariables":{"FIREBASE_CONFIG":"{\"projectId\":\"food-explorer-firebase-back\",\"storageBucket\":\"food-explorer-firebase-back.appspot.com\",\"locationId\":\"southamerica-east1\"}","GCLOUD_PROJECT":"food-explorer-firebase-back","EVENTARC_CLOUD_EVENT_SOURCE":"projects/food-explorer-firebase-back/locations/us-central1/functions/app"},"runtime":"nodejs18","buildId":"8c186011-129e-4463-95d8-7784d192fbb1","buildEnvironmentVariables":{"GOOGLE_NODE_RUN_SCRIPTS":""},"buildName":"projects/989222405388/locations/us-central1/builds/8c186011-129e-4463-95d8-7784d192fbb1","dockerRegistry":"ARTIFACT_REGISTRY"},"versionId":"2","updateTime":"2023-05-29T20:59:59Z","buildId":"d15ab833-fc2f-494e-b936-0f26d5cdf8bc","sourceToken":"e4b90de8-b5b8-4237-b4f9-3e3dcdd87c99","buildName":"projects/989222405388/locations/us-central1/builds/d15ab833-fc2f-494e-b936-0f26d5cdf8bc"}}
[debug] [2023-05-29T21:01:11.753Z] Got source token e4b90de8-b5b8-4237-b4f9-3e3dcdd87c99 for region us-central1
[debug] [2023-05-29T21:01:21.761Z] [update-default-us-central1-app] Retrying task index 0
[debug] [2023-05-29T21:01:21.762Z] >>> [apiv2][query] GET https://cloudfunctions.googleapis.com/v1/operations/Zm9vZC1leHBsb3Jlci1maXJlYmFzZS1iYWNrL3VzLWNlbnRyYWwxL2FwcC9mN3kwNVBFOGdjMA [none]
[debug] [2023-05-29T21:01:22.427Z] <<< [apiv2][status] GET https://cloudfunctions.googleapis.com/v1/operations/Zm9vZC1leHBsb3Jlci1maXJlYmFzZS1iYWNrL3VzLWNlbnRyYWwxL2FwcC9mN3kwNVBFOGdjMA 200
[debug] [2023-05-29T21:01:22.427Z] <<< [apiv2][body] GET https://cloudfunctions.googleapis.com/v1/operations/Zm9vZC1leHBsb3Jlci1maXJlYmFzZS1iYWNrL3VzLWNlbnRyYWwxL2FwcC9mN3kwNVBFOGdjMA {"name":"operations/Zm9vZC1leHBsb3Jlci1maXJlYmFzZS1iYWNrL3VzLWNlbnRyYWwxL2FwcC9mN3kwNVBFOGdjMA","metadata":{"@type":"type.googleapis.com/google.cloud.functions.v1.OperationMetadataV1","target":"projects/food-explorer-firebase-back/locations/us-central1/functions/app","type":"UPDATE_FUNCTION","request":{"@type":"type.googleapis.com/google.cloud.functions.v1.CloudFunction","name":"projects/food-explorer-firebase-back/locations/us-central1/functions/app","httpsTrigger":{"url":"https://us-central1-food-explorer-firebase-back.cloudfunctions.net/app","securityLevel":"SECURE_ALWAYS"},"status":"OFFLINE","entryPoint":"app","updateTime":"2023-05-29T20:57:54.141Z","versionId":"1","labels":{"deployment-tool":"cli-firebase","firebase-functions-hash":"64c6afaaed4e2eeeeb3f72994e722cc3d997743a"},"sourceUploadUrl":"https://storage.googleapis.com/uploads-643877074447.us-central1.cloudfunctions.appspot.com/db9a9862-4af5-4881-9335-4a7181c1dcdc.zip?GoogleAccessId=service-989222405388@gcf-admin-robot.iam.gserviceaccount.com&Expires=1685395797&Signature=Ld8bKrebRV%2Be27K5mmbhmqMe61f7yMGTOhO393%2BIehmRp4H7wa%2FivCWFJdxJ7lZDRij7Pb%2BnlfV5J1usM916byMz1s9B1ihEa0YDkpM2NL0z%2Bw3pQmRmJ4BST2JxKCdKWQ5yo7Gmt9SWlCNmw474AbA8%2FYODwkcqWdvOb2x9F6LUnliseWyyC6ITRZVb0suPRuNwKXQVRqln8Tj4HA4Q6leVM7v24X06fH8Uwmk6PRUjsjugS0U1XNA9Pq9EQnyWHDGIOAq9TXYHKDSH3KHd39ZCj7p5qrQeSc1F7DpTxEn1n4jfsDZyEL42ZpQBKyvSnflXUTcVKXCo7%2F8vuqRmGg%3D%3D","environmentVariables":{"FIREBASE_CONFIG":"{\"projectId\":\"food-explorer-firebase-back\",\"storageBucket\":\"food-explorer-firebase-back.appspot.com\",\"locationId\":\"southamerica-east1\"}","GCLOUD_PROJECT":"food-explorer-firebase-back","EVENTARC_CLOUD_EVENT_SOURCE":"projects/food-explorer-firebase-back/locations/us-central1/functions/app"},"runtime":"nodejs18","buildId":"8c186011-129e-4463-95d8-7784d192fbb1","buildEnvironmentVariables":{"GOOGLE_NODE_RUN_SCRIPTS":""},"buildName":"projects/989222405388/locations/us-central1/builds/8c186011-129e-4463-95d8-7784d192fbb1","dockerRegistry":"ARTIFACT_REGISTRY"},"versionId":"2","updateTime":"2023-05-29T21:01:20Z","buildId":"d15ab833-fc2f-494e-b936-0f26d5cdf8bc","sourceToken":"e4b90de8-b5b8-4237-b4f9-3e3dcdd87c99","buildName":"projects/989222405388/locations/us-central1/builds/d15ab833-fc2f-494e-b936-0f26d5cdf8bc"},"done":true,"error":{"code":3,"message":"Function failed on loading user code. This is likely due to a bug in the user code. Error message: Provided module can't be loaded.\nDid you list all required modules in the package.json dependencies?\nDetailed stack trace: Error: Cannot find module 'bcryptjs'\nRequire stack:\n- /workspace/src/controllers/UsersController.js\n- /workspace/src/routes/users.routes.js\n- /workspace/src/routes/index.js\n- /workspace/index.js\n- /layers/google.nodejs.functions-framework/functions-framework/node_modules/@google-cloud/functions-framework/build/src/loader.js\n- /layers/google.nodejs.functions-framework/functions-framework/node_modules/@google-cloud/functions-framework/build/src/main.js\n    at Module._resolveFilename (node:internal/modules/cjs/loader:1075:15)\n    at Module._load (node:internal/modules/cjs/loader:920:27)\n    at Module.require (node:internal/modules/cjs/loader:1141:19)\n    at require (node:internal/modules/cjs/helpers:110:18)\n    at Object.<anonymous> (/workspace/src/controllers/UsersController.js:1:27)\n    at Module._compile (node:internal/modules/cjs/loader:1254:14)\n    at Module._extensions..js (node:internal/modules/cjs/loader:1308:10)\n    at Module.load (node:internal/modules/cjs/loader:1117:32)\n    at Module._load (node:internal/modules/cjs/loader:958:12)\n    at Module.require (node:internal/modules/cjs/loader:1141:19)\nCould not load the function, shutting down.. Please visit https://cloud.google.com/functions/docs/troubleshooting for in-depth troubleshooting documentation."}}
[debug] [2023-05-29T21:01:22.427Z] Got source token e4b90de8-b5b8-4237-b4f9-3e3dcdd87c99 for region us-central1
[error] Function failed on loading user code. This is likely due to a bug in the user code. Error message: Provided module can't be loaded.
Did you list all required modules in the package.json dependencies?
Detailed stack trace: Error: Cannot find module 'bcryptjs'
Require stack:
- /workspace/src/controllers/UsersController.js
- /workspace/src/routes/users.routes.js
- /workspace/src/routes/index.js
- /workspace/index.js
- /layers/google.nodejs.functions-framework/functions-framework/node_modules/@google-cloud/functions-framework/build/src/loader.js
- /layers/google.nodejs.functions-framework/functions-framework/node_modules/@google-cloud/functions-framework/build/src/main.js
    at Module._resolveFilename (node:internal/modules/cjs/loader:1075:15)
    at Module._load (node:internal/modules/cjs/loader:920:27)
    at Module.require (node:internal/modules/cjs/loader:1141:19)
    at require (node:internal/modules/cjs/helpers:110:18)
    at Object.<anonymous> (/workspace/src/controllers/UsersController.js:1:27)
    at Module._compile (node:internal/modules/cjs/loader:1254:14)
    at Module._extensions..js (node:internal/modules/cjs/loader:1308:10)
    at Module.load (node:internal/modules/cjs/loader:1117:32)
    at Module._load (node:internal/modules/cjs/loader:958:12)
    at Module.require (node:internal/modules/cjs/loader:1141:19)
Could not load the function, shutting down.. Please visit https://cloud.google.com/functions/docs/troubleshooting for in-depth troubleshooting documentation.
[debug] [2023-05-29T21:01:22.440Z] Total Function Deployment time: 84033
[debug] [2023-05-29T21:01:22.440Z] 1 Functions Deployed
[debug] [2023-05-29T21:01:22.440Z] 1 Functions Errored
[debug] [2023-05-29T21:01:22.440Z] 0 Function Deployments Aborted
[debug] [2023-05-29T21:01:22.441Z] Average Function Deployment time: 84031
[info] 
[info] Functions deploy had errors with the following functions:
	app(us-central1)
[debug] [2023-05-29T21:01:23.623Z] Not printing URL for HTTPS function. Typically this means it didn't match a filter or we failed deployment
[info] i  functions: cleaning up build files... 
[debug] [2023-05-29T21:01:23.625Z] >>> [apiv2][query] DELETE https://artifactregistry.googleapis.com/v1beta2/projects/food-explorer-firebase-back/locations/us-central1/repositories/gcf-artifacts/packages/app [none]
[debug] [2023-05-29T21:01:23.626Z] >>> [apiv2][query] GET https://us.gcr.io/v2/food-explorer-firebase-back/gcf/us-central1/tags/list [none]
[debug] [2023-05-29T21:01:24.717Z] <<< [apiv2][status] DELETE https://artifactregistry.googleapis.com/v1beta2/projects/food-explorer-firebase-back/locations/us-central1/repositories/gcf-artifacts/packages/app 200
[debug] [2023-05-29T21:01:24.717Z] <<< [apiv2][body] DELETE https://artifactregistry.googleapis.com/v1beta2/projects/food-explorer-firebase-back/locations/us-central1/repositories/gcf-artifacts/packages/app {"name":"projects/food-explorer-firebase-back/locations/us-central1/operations/3eaeba0a-8eb0-477e-9112-d1a6256f24bd","metadata":{"@type":"type.googleapis.com/google.devtools.artifactregistry.v1beta2.OperationMetadata"}}
[debug] [2023-05-29T21:01:24.717Z] >>> [apiv2][query] GET https://artifactregistry.googleapis.com/v1beta2/projects/food-explorer-firebase-back/locations/us-central1/operations/3eaeba0a-8eb0-477e-9112-d1a6256f24bd [none]
[debug] [2023-05-29T21:01:24.753Z] <<< [apiv2][status] GET https://us.gcr.io/v2/food-explorer-firebase-back/gcf/us-central1/tags/list 200
[debug] [2023-05-29T21:01:24.754Z] <<< [apiv2][body] GET https://us.gcr.io/v2/food-explorer-firebase-back/gcf/us-central1/tags/list {"child":[],"manifest":{},"name":"food-explorer-firebase-back/gcf/us-central1","tags":[]}
[debug] [2023-05-29T21:01:24.754Z] Could not find image for function projects/food-explorer-firebase-back/locations/us-central1/functions/app
[debug] [2023-05-29T21:01:25.641Z] <<< [apiv2][status] GET https://artifactregistry.googleapis.com/v1beta2/projects/food-explorer-firebase-back/locations/us-central1/operations/3eaeba0a-8eb0-477e-9112-d1a6256f24bd 200
[debug] [2023-05-29T21:01:25.641Z] <<< [apiv2][body] GET https://artifactregistry.googleapis.com/v1beta2/projects/food-explorer-firebase-back/locations/us-central1/operations/3eaeba0a-8eb0-477e-9112-d1a6256f24bd {"name":"projects/food-explorer-firebase-back/locations/us-central1/operations/3eaeba0a-8eb0-477e-9112-d1a6256f24bd","metadata":{"@type":"type.googleapis.com/google.devtools.artifactregistry.v1beta2.OperationMetadata"},"done":true,"response":{"@type":"type.googleapis.com/google.protobuf.Empty"}}
[debug] [2023-05-29T21:01:25.642Z] Functions deploy failed.
[debug] [2023-05-29T21:01:25.642Z] {
  "endpoint": {
    "id": "app",
    "project": "food-explorer-firebase-back",
    "region": "us-central1",
    "entryPoint": "app",
    "platform": "gcfv1",
    "runtime": "nodejs18",
    "httpsTrigger": {},
    "serviceAccount": null,
    "ingressSettings": null,
    "availableMemoryMb": null,
    "timeoutSeconds": null,
    "maxInstances": null,
    "minInstances": null,
    "vpc": null,
    "environmentVariables": {
      "FIREBASE_CONFIG": "{\"projectId\":\"food-explorer-firebase-back\",\"storageBucket\":\"food-explorer-firebase-back.appspot.com\",\"locationId\":\"southamerica-east1\"}",
      "GCLOUD_PROJECT": "food-explorer-firebase-back",
      "EVENTARC_CLOUD_EVENT_SOURCE": "projects/food-explorer-firebase-back/locations/us-central1/functions/app"
    },
    "codebase": "default",
    "securityLevel": "SECURE_ALWAYS",
    "targetedByOnly": false,
    "hash": "64c6afaaed4e2eeeeb3f72994e722cc3d997743a",
    "labels": {
      "deployment-tool": "cli-firebase"
    }
  },
  "op": "update",
  "original": {
    "name": "FirebaseError",
    "children": [],
    "exit": 1,
    "message": "Function failed on loading user code. This is likely due to a bug in the user code. Error message: Provided module can't be loaded.\nDid you list all required modules in the package.json dependencies?\nDetailed stack trace: Error: Cannot find module 'bcryptjs'\nRequire stack:\n- /workspace/src/controllers/UsersController.js\n- /workspace/src/routes/users.routes.js\n- /workspace/src/routes/index.js\n- /workspace/index.js\n- /layers/google.nodejs.functions-framework/functions-framework/node_modules/@google-cloud/functions-framework/build/src/loader.js\n- /layers/google.nodejs.functions-framework/functions-framework/node_modules/@google-cloud/functions-framework/build/src/main.js\n    at Module._resolveFilename (node:internal/modules/cjs/loader:1075:15)\n    at Module._load (node:internal/modules/cjs/loader:920:27)\n    at Module.require (node:internal/modules/cjs/loader:1141:19)\n    at require (node:internal/modules/cjs/helpers:110:18)\n    at Object.<anonymous> (/workspace/src/controllers/UsersController.js:1:27)\n    at Module._compile (node:internal/modules/cjs/loader:1254:14)\n    at Module._extensions..js (node:internal/modules/cjs/loader:1308:10)\n    at Module.load (node:internal/modules/cjs/loader:1117:32)\n    at Module._load (node:internal/modules/cjs/loader:958:12)\n    at Module.require (node:internal/modules/cjs/loader:1141:19)\nCould not load the function, shutting down.. Please visit https://cloud.google.com/functions/docs/troubleshooting for in-depth troubleshooting documentation.",
    "status": 3
  }
}
[debug] [2023-05-29T21:01:26.819Z] Error: Failed to update function app in region us-central1
    at C:\Users\muril\AppData\Roaming\npm\node_modules\firebase-tools\lib\deploy\functions\release\fabricator.js:49:11
    at process.processTicksAndRejections (node:internal/process/task_queues:95:5)
    at async Fabricator.updateV1Function (C:\Users\muril\AppData\Roaming\npm\node_modules\firebase-tools\lib\deploy\functions\release\fabricator.js:330:32)
    at async Fabricator.updateEndpoint (C:\Users\muril\AppData\Roaming\npm\node_modules\firebase-tools\lib\deploy\functions\release\fabricator.js:148:13)
    at async handle (C:\Users\muril\AppData\Roaming\npm\node_modules\firebase-tools\lib\deploy\functions\release\fabricator.js:86:17)
[error] 
[error] Error: There was an error deploying functions
